<?xml version="1.0" encoding="UTF-8"?>
<testExecutions version="1">
  <file path="/home/sanafm/Documents/Blinkist-app/src/Components/organisms/Header/index.test.tsx">
    <testCase name="Header it search-state-button button should be clickable" duration="1095"/>
  </file>
  <file path="/home/sanafm/Documents/Blinkist-app/src/Components/organisms/Card/index.test.tsx">
    <testCase name="it should render same bookname text" duration="389"/>
    <testCase name="should render same writer name text" duration="89"/>
    <testCase name="should render same time read text" duration="80"/>
    <testCase name="should render white background color if inLibrary is true" duration="243"/>
    <testCase name="should render different color of card body when inLibrary is false as well as in hoveredState" duration="224"/>
    <testCase name="should render different color od card box when inLibrary is false as well as in hoveredState" duration="117"/>
    <testCase name="should card-library-handler be clickable and when inLIbrary is false" duration="102"/>
  </file>
  <file path="/home/sanafm/Documents/Blinkist-app/src/Components/organisms/Explorer/index.test.tsx">
    <testCase name="Explore render Explore by category heading" duration="1134"/>
    <testCase name="Explore should recently added text to be clickable" duration="471"/>
    <testCase name="Explore it should See popular titles to be clickable" duration="301"/>
    <testCase name="Explore Explore by category text should be blue" duration="281"/>
    <testCase name="Explore Nav Icon count should be 26" duration="236"/>
  </file>
  <file path="/home/sanafm/Documents/Blinkist-app/src/Components/pages/MyLibrary/index.test.tsx">
    <testCase name="Library it renders cicular progress bar if books are not available" duration="910"/>
    <testCase name="Library should not render cicular progress bar if books are available" duration="518"/>
    <testCase name="Library should render same no of finished books" duration="791"/>
    <testCase name="Library should render same no of currently books" duration="319"/>
  </file>
  <file path="/home/sanafm/Documents/Blinkist-app/src/Components/Template/Template.test.tsx">
    <testCase name="Template should render circular bar if data is empty" duration="140"/>
  </file>
  <file path="/home/sanafm/Documents/Blinkist-app/src/Components/pages/EntrepreneurPage/index.test.tsx">
    <testCase name="Home it should render input" duration="1136"/>
    <testCase name="Home should render containers matching to data length" duration="587"/>
    <testCase name="Home should render a circularbox if library is empty" duration="142"/>
    <testCase name="Home clickable library handler" duration="443"/>
  </file>
  <file path="/home/sanafm/Documents/Blinkist-app/src/Components/pages/BookInfoPage/index.test.tsx">
    <testCase name="it is Book Info should render circular bar if data is empty" duration="424"/>
    <testCase name="it is Book Info should not render circular bar if data is not empty" duration="2089"/>
    <testCase name="it is Book Info should render tabs with clickable option" duration="2296"/>
    <testCase name="it is Book Info should render third tab with clickable option" duration="2137"/>
  </file>
  <file path="/home/sanafm/Documents/Blinkist-app/src/Components/atoms/ProgressBar/index.test.tsx">
    <testCase name="should render progressbar" duration="193"/>
    <testCase name="should render progressbar with value" duration="95"/>
  </file>
  <file path="/home/sanafm/Documents/Blinkist-app/src/Components/molecules/Banner1/index.test.tsx">
    <testCase name="Banner is Heading" duration="217"/>
  </file>
  <file path="/home/sanafm/Documents/Blinkist-app/src/Components/atoms/Button/index.test.tsx">
    <testCase name="it renders Button" duration="288"/>
  </file>
  <file path="/home/sanafm/Documents/Blinkist-app/src/Components/atoms/Avatar/index.test.tsx">
    <testCase name="renders the avatar" duration="118"/>
  </file>
  <file path="/home/sanafm/Documents/Blinkist-app/src/Components/atoms/Blank/index.test.tsx">
    <testCase name="renders the blank component" duration="75"/>
  </file>
  <file path="/home/sanafm/Documents/Blinkist-app/src/Components/molecules/NavIcon/index.test.tsx">
    <testCase name="handle hover state" duration="108"/>
    <testCase name="it render the nav icon as well as label" duration="20"/>
    <testCase name="Left icon" duration="13"/>
    <testCase name="Right icon" duration="12"/>
    <testCase name="teststate" duration="20"/>
  </file>
  <file path="/home/sanafm/Documents/Blinkist-app/src/Components/molecules/Logo/index.test.tsx">
    <testCase name="should render Logo" duration="75"/>
  </file>
  <file path="/home/sanafm/Documents/Blinkist-app/src/Components/atoms/Typography/index.test.tsx">
    <testCase name="renders Text passed from prop" duration="72"/>
  </file>
  <file path="/home/sanafm/Documents/Blinkist-app/src/Components/organisms/Footer/index.test.tsx">
    <testCase name="Footer" duration="267"/>
  </file>
  <file path="/home/sanafm/Documents/Blinkist-app/src/Components/atoms/Icons/index.test.tsx">
    <testCase name="it should render passed icon" duration="150"/>
  </file>
  <file path="/home/sanafm/Documents/Blinkist-app/src/Components/molecules/tabs/index.test.tsx">
    <testCase name="it should render 2 tabw for 2 length data" duration="343"/>
    <testCase name="this should have green indicator color for currently reading tab by default" duration="140"/>
  </file>
  <file path="/home/sanafm/Documents/Blinkist-app/src/Components/atoms/Images/index.test.tsx">
    <testCase name="it renders Images" duration="136"/>
  </file>
  <file path="/home/sanafm/Documents/Blinkist-app/src/Components/atoms/Input/index.test.tsx">
    <testCase name="Input Components" duration="218"/>
    <testCase name="it should render input element" duration="98"/>
    <testCase name="should be able to type in input" duration="44"/>
  </file>
  <file path="/home/sanafm/Documents/Blinkist-app/src/Components/molecules/Search/index.test.tsx">
    <testCase name="it should render input box" duration="292"/>
    <testCase name="it should render filtered result of length 2 for Employee search" duration="249"/>
  </file>
  <file path="/home/sanafm/Documents/Blinkist-app/src/App.test.tsx">
    <testCase name="render the App Component" duration="90"/>
  </file>
</testExecutions>